<?xml version="1.0" encoding="UTF-8"?>
<!-- Generated by org.testng.reporters.JUnitReportReporter -->
<testsuite skipped="0" hostname="pradeep-PC" name="com.crm.qa.testcases.Loginpagetest" tests="2" failures="0" timestamp="15 Apr 2018 07:44:46 GMT" time="28.705" errors="0">
  <testcase name="Loginpagetitletest" time="14.409" classname="com.crm.qa.testcases.Loginpagetest"/>
  <testcase name="loginTest" time="14.296" classname="com.crm.qa.testcases.Loginpagetest"/>
</testsuite> <!-- com.crm.qa.testcases.Loginpagetest -->
