<?xml version="1.0" encoding="UTF-8"?>
<!-- Generated by org.testng.reporters.JUnitReportReporter -->
<testsuite skipped="0" hostname="pradeep-PC" name="com.crm.qa.testcases.Loginpagetest" tests="2" failures="0" timestamp="14 Apr 2018 16:34:44 GMT" time="30.997" errors="0">
  <testcase name="Loginpagetitletest" time="13.925" classname="com.crm.qa.testcases.Loginpagetest"/>
  <testcase name="loginTest" time="17.072" classname="com.crm.qa.testcases.Loginpagetest"/>
</testsuite> <!-- com.crm.qa.testcases.Loginpagetest -->
